<?xml version="1.0" encoding="UTF-8"?>
<testng-results ignored="0" total="1" passed="1" failed="0" skipped="0">
  <reporter-output>
  </reporter-output>
  <suite started-at="2023-01-19T10:56:32 IST" name="Default suite" finished-at="2023-01-19T10:58:26 IST" duration-ms="113860">
    <groups>
      <group name="cucumber">
        <method signature="AbstractTestNGCucumberTests.runScenario(io.cucumber.testng.PickleWrapper,io.cucumber.testng.FeatureWrapper)[pri:0, instance:cucumbertest.CucumberRunner@2796aeae]" name="runScenario" class="io.cucumber.testng.AbstractTestNGCucumberTests"/>
      </group> <!-- cucumber -->
    </groups>
    <test started-at="2023-01-19T10:56:32 IST" name="Default test" finished-at="2023-01-19T10:58:26 IST" duration-ms="113860">
      <class name="cucumbertest.CucumberRunner">
        <test-method is-config="true" signature="setUpClass(org.testng.ITestContext)[pri:0, instance:cucumbertest.CucumberRunner@2796aeae]" started-at="2023-01-19T10:56:32 IST" name="setUpClass" finished-at="2023-01-19T10:56:32 IST" duration-ms="367" status="PASS">
          <params>
            <param index="0">
              <value>
                <![CDATA[org.testng.TestRunner@27f71195]]>
              </value>
            </param>
          </params>
          <reporter-output>
          </reporter-output>
        </test-method> <!-- setUpClass -->
        <test-method signature="runScenario(io.cucumber.testng.PickleWrapper,io.cucumber.testng.FeatureWrapper)[pri:0, instance:cucumbertest.CucumberRunner@2796aeae]" started-at="2023-01-19T10:56:32 IST" name="runScenario" description="Runs Cucumber Scenarios" data-provider="scenarios" finished-at="2023-01-19T10:58:25 IST" duration-ms="113107" status="PASS">
          <params>
            <param index="0">
              <value>
                <![CDATA["Search deatiails upon filling the search values"]]>
              </value>
            </param>
            <param index="1">
              <value>
                <![CDATA["Search the hotel in Adactin App"]]>
              </value>
            </param>
          </params>
          <reporter-output>
          </reporter-output>
        </test-method> <!-- runScenario -->
        <test-method is-config="true" signature="tearDownClass()[pri:0, instance:cucumbertest.CucumberRunner@2796aeae]" started-at="2023-01-19T10:58:25 IST" name="tearDownClass" finished-at="2023-01-19T10:58:26 IST" duration-ms="342" status="PASS">
          <reporter-output>
          </reporter-output>
        </test-method> <!-- tearDownClass -->
      </class> <!-- cucumbertest.CucumberRunner -->
    </test> <!-- Default test -->
  </suite> <!-- Default suite -->
</testng-results>
